Build output check failed:
    Regex: 'command line option .* is valid for .* but not for C\+\+'
    Output line: 'cc1plus: warning: command line option ‘-Wmissing-prototypes’ is valid for C/ObjC but not for C++'
Compilation failed:
    source file: '/work/srcFile/opencv-3.2.0/release/CMakeFiles/CMakeTmp/src.cxx'
    check option: ' -fsigned-char -W -Wall -Werror=return-type -Werror=non-virtual-dtor -Werror=address -Werror=sequence-point -Wformat -Werror=format-security -Wmissing-declarations  -Wmissing-prototypes'
===== BUILD LOG =====
Change Dir: /work/srcFile/opencv-3.2.0/release/CMakeFiles/CMakeTmp

Run Build Command:"/usr/bin/make" "cmTC_c6585/fast"
/usr/bin/make -f CMakeFiles/cmTC_c6585.dir/build.make CMakeFiles/cmTC_c6585.dir/build
make[1]: Entering directory '/work/srcFile/opencv-3.2.0/release/CMakeFiles/CMakeTmp'
Building CXX object CMakeFiles/cmTC_c6585.dir/src.cxx.o
/usr/bin/c++     -O3 -DNDEBUG   -fsigned-char -W -Wall -Werror=return-type -Werror=non-virtual-dtor -Werror=address -Werror=sequence-point -Wformat -Werror=format-security -Wmissing-declarations -Wmissing-prototypes -o CMakeFiles/cmTC_c6585.dir/src.cxx.o -c /work/srcFile/opencv-3.2.0/release/CMakeFiles/CMakeTmp/src.cxx
cc1plus: warning: command line option ‘-Wmissing-prototypes’ is valid for C/ObjC but not for C++
/work/srcFile/opencv-3.2.0/release/CMakeFiles/CMakeTmp/src.cxx:1:0: warning: ignoring #pragma   [-Wunknown-pragmas]
 #pragma
 ^
Linking CXX executable cmTC_c6585
/usr/bin/cmake -E cmake_link_script CMakeFiles/cmTC_c6585.dir/link.txt --verbose=1
/usr/bin/c++     -O3 -DNDEBUG    CMakeFiles/cmTC_c6585.dir/src.cxx.o  -o cmTC_c6585 -rdynamic 
make[1]: Leaving directory '/work/srcFile/opencv-3.2.0/release/CMakeFiles/CMakeTmp'

===== END =====

Build output check failed:
    Regex: 'command line option .* is valid for .* but not for C\+\+'
    Output line: 'cc1plus: warning: command line option ‘-Wstrict-prototypes’ is valid for C/ObjC but not for C++'
Compilation failed:
    source file: '/work/srcFile/opencv-3.2.0/release/CMakeFiles/CMakeTmp/src.cxx'
    check option: ' -fsigned-char -W -Wall -Werror=return-type -Werror=non-virtual-dtor -Werror=address -Werror=sequence-point -Wformat -Werror=format-security -Wmissing-declarations  -Wstrict-prototypes'
===== BUILD LOG =====
Change Dir: /work/srcFile/opencv-3.2.0/release/CMakeFiles/CMakeTmp

Run Build Command:"/usr/bin/make" "cmTC_5eb14/fast"
/usr/bin/make -f CMakeFiles/cmTC_5eb14.dir/build.make CMakeFiles/cmTC_5eb14.dir/build
make[1]: Entering directory '/work/srcFile/opencv-3.2.0/release/CMakeFiles/CMakeTmp'
Building CXX object CMakeFiles/cmTC_5eb14.dir/src.cxx.o
/usr/bin/c++     -O3 -DNDEBUG   -fsigned-char -W -Wall -Werror=return-type -Werror=non-virtual-dtor -Werror=address -Werror=sequence-point -Wformat -Werror=format-security -Wmissing-declarations -Wstrict-prototypes -o CMakeFiles/cmTC_5eb14.dir/src.cxx.o -c /work/srcFile/opencv-3.2.0/release/CMakeFiles/CMakeTmp/src.cxx
cc1plus: warning: command line option ‘-Wstrict-prototypes’ is valid for C/ObjC but not for C++
/work/srcFile/opencv-3.2.0/release/CMakeFiles/CMakeTmp/src.cxx:1:0: warning: ignoring #pragma   [-Wunknown-pragmas]
 #pragma
 ^
Linking CXX executable cmTC_5eb14
/usr/bin/cmake -E cmake_link_script CMakeFiles/cmTC_5eb14.dir/link.txt --verbose=1
/usr/bin/c++     -O3 -DNDEBUG    CMakeFiles/cmTC_5eb14.dir/src.cxx.o  -o cmTC_5eb14 -rdynamic 
make[1]: Leaving directory '/work/srcFile/opencv-3.2.0/release/CMakeFiles/CMakeTmp'

===== END =====

Build output check failed:
    Regex: 'command line option .* is valid for .* but not for C'
    Output line: 'cc1: warning: command line option ‘-Wsign-promo’ is valid for C++/ObjC++ but not for C'
Compilation failed:
    source file: '/work/srcFile/opencv-3.2.0/release/CMakeFiles/CMakeTmp/src.c'
    check option: ' -fsigned-char -W -Wall -Werror=return-type -Werror=non-virtual-dtor -Werror=address -Werror=sequence-point -Wformat -Werror=format-security -Wmissing-declarations -Wmissing-prototypes -Wstrict-prototypes -Wundef -Winit-self -Wpointer-arith -Wshadow  -Wsign-promo'
===== BUILD LOG =====
Change Dir: /work/srcFile/opencv-3.2.0/release/CMakeFiles/CMakeTmp

Run Build Command:"/usr/bin/make" "cmTC_4eff1/fast"
/usr/bin/make -f CMakeFiles/cmTC_4eff1.dir/build.make CMakeFiles/cmTC_4eff1.dir/build
make[1]: Entering directory '/work/srcFile/opencv-3.2.0/release/CMakeFiles/CMakeTmp'
Building C object CMakeFiles/cmTC_4eff1.dir/src.c.o
/usr/bin/cc    -O3 -DNDEBUG   -fsigned-char -W -Wall -Werror=return-type -Werror=non-virtual-dtor -Werror=address -Werror=sequence-point -Wformat -Werror=format-security -Wmissing-declarations -Wmissing-prototypes -Wstrict-prototypes -Wundef -Winit-self -Wpointer-arith -Wshadow -Wsign-promo -o CMakeFiles/cmTC_4eff1.dir/src.c.o   -c /work/srcFile/opencv-3.2.0/release/CMakeFiles/CMakeTmp/src.c
cc1: warning: command line option ‘-Wsign-promo’ is valid for C++/ObjC++ but not for C
/work/srcFile/opencv-3.2.0/release/CMakeFiles/CMakeTmp/src.c:1:0: warning: ignoring #pragma   [-Wunknown-pragmas]
 #pragma
 ^
Linking C executable cmTC_4eff1
/usr/bin/cmake -E cmake_link_script CMakeFiles/cmTC_4eff1.dir/link.txt --verbose=1
/usr/bin/cc    -O3 -DNDEBUG    CMakeFiles/cmTC_4eff1.dir/src.c.o  -o cmTC_4eff1 -rdynamic 
make[1]: Leaving directory '/work/srcFile/opencv-3.2.0/release/CMakeFiles/CMakeTmp'

===== END =====

Build output check failed:
    Regex: 'command line option .* is valid for .* but not for C'
    Output line: 'cc1: warning: command line option ‘-Wno-delete-non-virtual-dtor’ is valid for C++/ObjC++ but not for C'
Compilation failed:
    source file: '/work/srcFile/opencv-3.2.0/release/CMakeFiles/CMakeTmp/src.c'
    check option: ' -fsigned-char -W -Wall -Werror=return-type -Werror=non-virtual-dtor -Werror=address -Werror=sequence-point -Wformat -Werror=format-security -Wmissing-declarations -Wmissing-prototypes -Wstrict-prototypes -Wundef -Winit-self -Wpointer-arith -Wshadow -Wno-narrowing  -Wno-delete-non-virtual-dtor'
===== BUILD LOG =====
Change Dir: /work/srcFile/opencv-3.2.0/release/CMakeFiles/CMakeTmp

Run Build Command:"/usr/bin/make" "cmTC_47571/fast"
/usr/bin/make -f CMakeFiles/cmTC_47571.dir/build.make CMakeFiles/cmTC_47571.dir/build
make[1]: Entering directory '/work/srcFile/opencv-3.2.0/release/CMakeFiles/CMakeTmp'
Building C object CMakeFiles/cmTC_47571.dir/src.c.o
/usr/bin/cc    -O3 -DNDEBUG   -fsigned-char -W -Wall -Werror=return-type -Werror=non-virtual-dtor -Werror=address -Werror=sequence-point -Wformat -Werror=format-security -Wmissing-declarations -Wmissing-prototypes -Wstrict-prototypes -Wundef -Winit-self -Wpointer-arith -Wshadow -Wno-narrowing -Wno-delete-non-virtual-dtor -o CMakeFiles/cmTC_47571.dir/src.c.o   -c /work/srcFile/opencv-3.2.0/release/CMakeFiles/CMakeTmp/src.c
cc1: warning: command line option ‘-Wno-delete-non-virtual-dtor’ is valid for C++/ObjC++ but not for C
/work/srcFile/opencv-3.2.0/release/CMakeFiles/CMakeTmp/src.c:1:0: warning: ignoring #pragma   [-Wunknown-pragmas]
 #pragma
 ^
Linking C executable cmTC_47571
/usr/bin/cmake -E cmake_link_script CMakeFiles/cmTC_47571.dir/link.txt --verbose=1
/usr/bin/cc    -O3 -DNDEBUG    CMakeFiles/cmTC_47571.dir/src.c.o  -o cmTC_47571 -rdynamic 
make[1]: Leaving directory '/work/srcFile/opencv-3.2.0/release/CMakeFiles/CMakeTmp'

===== END =====

Build output check failed:
    Regex: 'unrecognized .*option'
    Output line: 'cc1plus: warning: unrecognized command line option ‘-Wno-unnamed-type-template-args’'
Compilation failed:
    source file: '/work/srcFile/opencv-3.2.0/release/CMakeFiles/CMakeTmp/src.cxx'
    check option: ' -fsigned-char -W -Wall -Werror=return-type -Werror=non-virtual-dtor -Werror=address -Werror=sequence-point -Wformat -Werror=format-security -Wmissing-declarations -Wundef -Winit-self -Wpointer-arith -Wshadow -Wsign-promo -Wno-narrowing -Wno-delete-non-virtual-dtor  -Wno-unnamed-type-template-args'
===== BUILD LOG =====
Change Dir: /work/srcFile/opencv-3.2.0/release/CMakeFiles/CMakeTmp

Run Build Command:"/usr/bin/make" "cmTC_1dc90/fast"
/usr/bin/make -f CMakeFiles/cmTC_1dc90.dir/build.make CMakeFiles/cmTC_1dc90.dir/build
make[1]: Entering directory '/work/srcFile/opencv-3.2.0/release/CMakeFiles/CMakeTmp'
Building CXX object CMakeFiles/cmTC_1dc90.dir/src.cxx.o
/usr/bin/c++     -O3 -DNDEBUG   -fsigned-char -W -Wall -Werror=return-type -Werror=non-virtual-dtor -Werror=address -Werror=sequence-point -Wformat -Werror=format-security -Wmissing-declarations -Wundef -Winit-self -Wpointer-arith -Wshadow -Wsign-promo -Wno-narrowing -Wno-delete-non-virtual-dtor -Wno-unnamed-type-template-args -o CMakeFiles/cmTC_1dc90.dir/src.cxx.o -c /work/srcFile/opencv-3.2.0/release/CMakeFiles/CMakeTmp/src.cxx
/work/srcFile/opencv-3.2.0/release/CMakeFiles/CMakeTmp/src.cxx:1:0: warning: ignoring #pragma   [-Wunknown-pragmas]
 #pragma
 ^
cc1plus: warning: unrecognized command line option ‘-Wno-unnamed-type-template-args’
Linking CXX executable cmTC_1dc90
/usr/bin/cmake -E cmake_link_script CMakeFiles/cmTC_1dc90.dir/link.txt --verbose=1
/usr/bin/c++     -O3 -DNDEBUG    CMakeFiles/cmTC_1dc90.dir/src.cxx.o  -o cmTC_1dc90 -rdynamic 
make[1]: Leaving directory '/work/srcFile/opencv-3.2.0/release/CMakeFiles/CMakeTmp'

===== END =====

Build output check failed:
    Regex: 'unrecognized .*option'
    Output line: 'cc1: warning: unrecognized command line option ‘-Wno-unnamed-type-template-args’'
Compilation failed:
    source file: '/work/srcFile/opencv-3.2.0/release/CMakeFiles/CMakeTmp/src.c'
    check option: ' -fsigned-char -W -Wall -Werror=return-type -Werror=non-virtual-dtor -Werror=address -Werror=sequence-point -Wformat -Werror=format-security -Wmissing-declarations -Wmissing-prototypes -Wstrict-prototypes -Wundef -Winit-self -Wpointer-arith -Wshadow -Wno-narrowing  -Wno-unnamed-type-template-args'
===== BUILD LOG =====
Change Dir: /work/srcFile/opencv-3.2.0/release/CMakeFiles/CMakeTmp

Run Build Command:"/usr/bin/make" "cmTC_2dde4/fast"
/usr/bin/make -f CMakeFiles/cmTC_2dde4.dir/build.make CMakeFiles/cmTC_2dde4.dir/build
make[1]: Entering directory '/work/srcFile/opencv-3.2.0/release/CMakeFiles/CMakeTmp'
Building C object CMakeFiles/cmTC_2dde4.dir/src.c.o
/usr/bin/cc    -O3 -DNDEBUG   -fsigned-char -W -Wall -Werror=return-type -Werror=non-virtual-dtor -Werror=address -Werror=sequence-point -Wformat -Werror=format-security -Wmissing-declarations -Wmissing-prototypes -Wstrict-prototypes -Wundef -Winit-self -Wpointer-arith -Wshadow -Wno-narrowing -Wno-unnamed-type-template-args -o CMakeFiles/cmTC_2dde4.dir/src.c.o   -c /work/srcFile/opencv-3.2.0/release/CMakeFiles/CMakeTmp/src.c
/work/srcFile/opencv-3.2.0/release/CMakeFiles/CMakeTmp/src.c:1:0: warning: ignoring #pragma   [-Wunknown-pragmas]
 #pragma
 ^
cc1: warning: unrecognized command line option ‘-Wno-unnamed-type-template-args’
Linking C executable cmTC_2dde4
/usr/bin/cmake -E cmake_link_script CMakeFiles/cmTC_2dde4.dir/link.txt --verbose=1
/usr/bin/cc    -O3 -DNDEBUG    CMakeFiles/cmTC_2dde4.dir/src.c.o  -o cmTC_2dde4 -rdynamic 
make[1]: Leaving directory '/work/srcFile/opencv-3.2.0/release/CMakeFiles/CMakeTmp'

===== END =====

Build output check failed:
    Regex: 'command line option .* is valid for .* but not for C'
    Output line: 'cc1: warning: command line option ‘-fvisibility-inlines-hidden’ is valid for C++/ObjC++ but not for C'
Compilation failed:
    source file: '/work/srcFile/opencv-3.2.0/release/CMakeFiles/CMakeTmp/src.c'
    check option: ' -fsigned-char -W -Wall -Werror=return-type -Werror=non-virtual-dtor -Werror=address -Werror=sequence-point -Wformat -Werror=format-security -Wmissing-declarations -Wmissing-prototypes -Wstrict-prototypes -Wundef -Winit-self -Wpointer-arith -Wshadow -Wno-narrowing -Wno-comment -fdiagnostics-show-option -Wno-long-long -pthread -fomit-frame-pointer -msse -msse2 -mno-avx -msse3 -mno-ssse3 -mno-sse4.1 -mno-sse4.2 -ffunction-sections -fvisibility=hidden  -fvisibility-inlines-hidden'
===== BUILD LOG =====
Change Dir: /work/srcFile/opencv-3.2.0/release/CMakeFiles/CMakeTmp

Run Build Command:"/usr/bin/make" "cmTC_acb69/fast"
/usr/bin/make -f CMakeFiles/cmTC_acb69.dir/build.make CMakeFiles/cmTC_acb69.dir/build
make[1]: Entering directory '/work/srcFile/opencv-3.2.0/release/CMakeFiles/CMakeTmp'
Building C object CMakeFiles/cmTC_acb69.dir/src.c.o
/usr/bin/cc    -O3 -DNDEBUG   -fsigned-char -W -Wall -Werror=return-type -Werror=non-virtual-dtor -Werror=address -Werror=sequence-point -Wformat -Werror=format-security -Wmissing-declarations -Wmissing-prototypes -Wstrict-prototypes -Wundef -Winit-self -Wpointer-arith -Wshadow -Wno-narrowing -Wno-comment -fdiagnostics-show-option -Wno-long-long -pthread -fomit-frame-pointer -msse -msse2 -mno-avx -msse3 -mno-ssse3 -mno-sse4.1 -mno-sse4.2 -ffunction-sections -fvisibility=hidden -fvisibility-inlines-hidden -o CMakeFiles/cmTC_acb69.dir/src.c.o   -c /work/srcFile/opencv-3.2.0/release/CMakeFiles/CMakeTmp/src.c
cc1: warning: command line option ‘-fvisibility-inlines-hidden’ is valid for C++/ObjC++ but not for C
/work/srcFile/opencv-3.2.0/release/CMakeFiles/CMakeTmp/src.c:1:0: warning: ignoring #pragma   [-Wunknown-pragmas]
 #pragma
 ^
Linking C executable cmTC_acb69
/usr/bin/cmake -E cmake_link_script CMakeFiles/cmTC_acb69.dir/link.txt --verbose=1
/usr/bin/cc    -O3 -DNDEBUG    CMakeFiles/cmTC_acb69.dir/src.c.o  -o cmTC_acb69 -rdynamic 
make[1]: Leaving directory '/work/srcFile/opencv-3.2.0/release/CMakeFiles/CMakeTmp'

===== END =====

Determining if the system is big endian passed with the following output:
Change Dir: /work/srcFile/opencv-3.2.0/release/CMakeFiles/CMakeTmp

Run Build Command:"/usr/bin/make" "cmTC_69486/fast"
/usr/bin/make -f CMakeFiles/cmTC_69486.dir/build.make CMakeFiles/cmTC_69486.dir/build
make[1]: Entering directory '/work/srcFile/opencv-3.2.0/release/CMakeFiles/CMakeTmp'
Building C object CMakeFiles/cmTC_69486.dir/TestEndianess.c.o
/usr/bin/cc    -fsigned-char -W -Wall -Werror=return-type -Werror=non-virtual-dtor -Werror=address -Werror=sequence-point -Wformat -Werror=format-security -Wmissing-declarations -Wmissing-prototypes -Wstrict-prototypes -Wundef -Winit-self -Wpointer-arith -Wshadow -Wno-narrowing -Wno-comment -fdiagnostics-show-option -Wno-long-long -pthread -fomit-frame-pointer -msse -msse2 -mno-avx -msse3 -mno-ssse3 -mno-sse4.1 -mno-sse4.2 -ffunction-sections -fvisibility=hidden  -O3 -DNDEBUG   -o CMakeFiles/cmTC_69486.dir/TestEndianess.c.o   -c /work/srcFile/opencv-3.2.0/release/CMakeFiles/CMakeTmp/TestEndianess.c
Linking C executable cmTC_69486
/usr/bin/cmake -E cmake_link_script CMakeFiles/cmTC_69486.dir/link.txt --verbose=1
/usr/bin/cc     -fsigned-char -W -Wall -Werror=return-type -Werror=non-virtual-dtor -Werror=address -Werror=sequence-point -Wformat -Werror=format-security -Wmissing-declarations -Wmissing-prototypes -Wstrict-prototypes -Wundef -Winit-self -Wpointer-arith -Wshadow -Wno-narrowing -Wno-comment -fdiagnostics-show-option -Wno-long-long -pthread -fomit-frame-pointer -msse -msse2 -mno-avx -msse3 -mno-ssse3 -mno-sse4.1 -mno-sse4.2 -ffunction-sections -fvisibility=hidden  -O3 -DNDEBUG    CMakeFiles/cmTC_69486.dir/TestEndianess.c.o  -o cmTC_69486 -rdynamic 
make[1]: Leaving directory '/work/srcFile/opencv-3.2.0/release/CMakeFiles/CMakeTmp'

TestEndianess.c:
/* A 16 bit integer is required. */
typedef unsigned short cmakeint16;

/* On a little endian machine, these 16bit ints will give "THIS IS LITTLE ENDIAN."
   On a big endian machine the characters will be exchanged pairwise. */
const cmakeint16 info_little[] =  {0x4854, 0x5349, 0x4920, 0x2053, 0x494c, 0x5454, 0x454c, 0x4520, 0x444e, 0x4149, 0x2e4e, 0x0000};

/* on a big endian machine, these 16bit ints will give "THIS IS BIG ENDIAN."
   On a little endian machine the characters will be exchanged pairwise. */
const cmakeint16 info_big[] =     {0x5448, 0x4953, 0x2049, 0x5320, 0x4249, 0x4720, 0x454e, 0x4449, 0x414e, 0x2e2e, 0x0000};

#ifdef __CLASSIC_C__
int main(argc, argv) int argc; char *argv[];
#else
int main(int argc, char *argv[])
#endif
{
  int require = 0;
  require += info_little[argc];
  require += info_big[argc];
  (void)argv;
  return require;
}


Determining if the include file io.h exists failed with the following output:
Change Dir: /work/srcFile/opencv-3.2.0/release/CMakeFiles/CMakeTmp

Run Build Command:"/usr/bin/make" "cmTC_80381/fast"
/usr/bin/make -f CMakeFiles/cmTC_80381.dir/build.make CMakeFiles/cmTC_80381.dir/build
make[1]: Entering directory '/work/srcFile/opencv-3.2.0/release/CMakeFiles/CMakeTmp'
Building C object CMakeFiles/cmTC_80381.dir/CheckIncludeFile.c.o
/usr/bin/cc    -fsigned-char -W -Wall -Werror=return-type -Werror=non-virtual-dtor -Werror=address -Werror=sequence-point -Wformat -Werror=format-security -Wmissing-declarations -Wmissing-prototypes -Wstrict-prototypes -Wundef -Winit-self -Wpointer-arith -Wshadow -Wno-narrowing -Wno-comment -fdiagnostics-show-option -Wno-long-long -pthread -fomit-frame-pointer -msse -msse2 -mno-avx -msse3 -mno-ssse3 -mno-sse4.1 -mno-sse4.2 -ffunction-sections -fvisibility=hidden  -O3 -DNDEBUG   -o CMakeFiles/cmTC_80381.dir/CheckIncludeFile.c.o   -c /work/srcFile/opencv-3.2.0/release/CMakeFiles/CMakeTmp/CheckIncludeFile.c
/work/srcFile/opencv-3.2.0/release/CMakeFiles/CMakeTmp/CheckIncludeFile.c:1:16: fatal error: io.h: No such file or directory
compilation terminated.
CMakeFiles/cmTC_80381.dir/build.make:65: recipe for target 'CMakeFiles/cmTC_80381.dir/CheckIncludeFile.c.o' failed
make[1]: *** [CMakeFiles/cmTC_80381.dir/CheckIncludeFile.c.o] Error 1
make[1]: Leaving directory '/work/srcFile/opencv-3.2.0/release/CMakeFiles/CMakeTmp'
Makefile:126: recipe for target 'cmTC_80381/fast' failed
make: *** [cmTC_80381/fast] Error 2


Determining if the function jbg_newlen exists failed with the following output:
Change Dir: /work/srcFile/opencv-3.2.0/release/CMakeFiles/CMakeTmp

Run Build Command:"/usr/bin/make" "cmTC_ada5b/fast"
/usr/bin/make -f CMakeFiles/cmTC_ada5b.dir/build.make CMakeFiles/cmTC_ada5b.dir/build
make[1]: Entering directory '/work/srcFile/opencv-3.2.0/release/CMakeFiles/CMakeTmp'
Building C object CMakeFiles/cmTC_ada5b.dir/CheckFunctionExists.c.o
/usr/bin/cc    -fsigned-char -W -Wall -Werror=return-type -Werror=non-virtual-dtor -Werror=address -Werror=sequence-point -Wformat -Werror=format-security -Wmissing-declarations -Wmissing-prototypes -Wstrict-prototypes -Wundef -Winit-self -Wpointer-arith -Wshadow -Wno-narrowing -Wno-comment -fdiagnostics-show-option -Wno-long-long -pthread -fomit-frame-pointer -msse -msse2 -mno-avx -msse3 -mno-ssse3 -mno-sse4.1 -mno-sse4.2 -ffunction-sections -fvisibility=hidden -DCHECK_FUNCTION_EXISTS=jbg_newlen -O3 -DNDEBUG   -o CMakeFiles/cmTC_ada5b.dir/CheckFunctionExists.c.o   -c /usr/share/cmake-3.5/Modules/CheckFunctionExists.c
/usr/share/cmake-3.5/Modules/CheckFunctionExists.c:6:1: warning: function declaration isn’t a prototype [-Wstrict-prototypes]
 char CHECK_FUNCTION_EXISTS();
 ^
Linking C executable cmTC_ada5b
/usr/bin/cmake -E cmake_link_script CMakeFiles/cmTC_ada5b.dir/link.txt --verbose=1
/usr/bin/cc     -fsigned-char -W -Wall -Werror=return-type -Werror=non-virtual-dtor -Werror=address -Werror=sequence-point -Wformat -Werror=format-security -Wmissing-declarations -Wmissing-prototypes -Wstrict-prototypes -Wundef -Winit-self -Wpointer-arith -Wshadow -Wno-narrowing -Wno-comment -fdiagnostics-show-option -Wno-long-long -pthread -fomit-frame-pointer -msse -msse2 -mno-avx -msse3 -mno-ssse3 -mno-sse4.1 -mno-sse4.2 -ffunction-sections -fvisibility=hidden -DCHECK_FUNCTION_EXISTS=jbg_newlen -O3 -DNDEBUG    CMakeFiles/cmTC_ada5b.dir/CheckFunctionExists.c.o  -o cmTC_ada5b -rdynamic 
CMakeFiles/cmTC_ada5b.dir/CheckFunctionExists.c.o: In function `main':
CheckFunctionExists.c:(.text.startup.main+0xe): undefined reference to `jbg_newlen'
collect2: error: ld returned 1 exit status
CMakeFiles/cmTC_ada5b.dir/build.make:97: recipe for target 'cmTC_ada5b' failed
make[1]: *** [cmTC_ada5b] Error 1
make[1]: Leaving directory '/work/srcFile/opencv-3.2.0/release/CMakeFiles/CMakeTmp'
Makefile:126: recipe for target 'cmTC_ada5b/fast' failed
make: *** [cmTC_ada5b/fast] Error 2


Build output check failed:
    Regex: 'unrecognized .*option'
    Output line: 'cc1: warning: unrecognized command line option ‘-Wno-misleading-indentation’'
Compilation failed:
    source file: '/work/srcFile/opencv-3.2.0/release/CMakeFiles/CMakeTmp/src.c'
    check option: ' -Wno-misleading-indentation'
===== BUILD LOG =====
Change Dir: /work/srcFile/opencv-3.2.0/release/CMakeFiles/CMakeTmp

Run Build Command:"/usr/bin/make" "cmTC_19c9a/fast"
/usr/bin/make -f CMakeFiles/cmTC_19c9a.dir/build.make CMakeFiles/cmTC_19c9a.dir/build
make[1]: Entering directory '/work/srcFile/opencv-3.2.0/release/CMakeFiles/CMakeTmp'
Building C object CMakeFiles/cmTC_19c9a.dir/src.c.o
/usr/bin/cc    -fsigned-char -W -Wall -Werror=return-type -Werror=non-virtual-dtor -Werror=address -Werror=sequence-point -Wformat -Werror=format-security   -Wstrict-prototypes  -Winit-self -Wpointer-arith  -Wno-narrowing -Wno-comment -fdiagnostics-show-option -Wno-long-long -pthread -fomit-frame-pointer -msse -msse2 -mno-avx -msse3 -mno-ssse3 -mno-sse4.1 -mno-sse4.2 -ffunction-sections -fvisibility=hidden -Wno-unused-but-set-variable -Wno-missing-prototypes -Wno-missing-declarations -Wno-undef -Wno-unused -Wno-sign-compare -Wno-cast-align -Wno-shadow -Wno-maybe-uninitialized -Wno-pointer-to-int-cast -Wno-int-to-pointer-cast  -O3 -DNDEBUG   -Wno-misleading-indentation -o CMakeFiles/cmTC_19c9a.dir/src.c.o   -c /work/srcFile/opencv-3.2.0/release/CMakeFiles/CMakeTmp/src.c
/work/srcFile/opencv-3.2.0/release/CMakeFiles/CMakeTmp/src.c:1:0: warning: ignoring #pragma   [-Wunknown-pragmas]
 #pragma
 ^
cc1: warning: unrecognized command line option ‘-Wno-misleading-indentation’
Linking C executable cmTC_19c9a
/usr/bin/cmake -E cmake_link_script CMakeFiles/cmTC_19c9a.dir/link.txt --verbose=1
/usr/bin/cc     -fsigned-char -W -Wall -Werror=return-type -Werror=non-virtual-dtor -Werror=address -Werror=sequence-point -Wformat -Werror=format-security   -Wstrict-prototypes  -Winit-self -Wpointer-arith  -Wno-narrowing -Wno-comment -fdiagnostics-show-option -Wno-long-long -pthread -fomit-frame-pointer -msse -msse2 -mno-avx -msse3 -mno-ssse3 -mno-sse4.1 -mno-sse4.2 -ffunction-sections -fvisibility=hidden -Wno-unused-but-set-variable -Wno-missing-prototypes -Wno-missing-declarations -Wno-undef -Wno-unused -Wno-sign-compare -Wno-cast-align -Wno-shadow -Wno-maybe-uninitialized -Wno-pointer-to-int-cast -Wno-int-to-pointer-cast  -O3 -DNDEBUG    CMakeFiles/cmTC_19c9a.dir/src.c.o  -o cmTC_19c9a -rdynamic 
make[1]: Leaving directory '/work/srcFile/opencv-3.2.0/release/CMakeFiles/CMakeTmp'

===== END =====

Build output check failed:
    Regex: 'unrecognized .*option'
    Output line: 'cc1plus: warning: unrecognized command line option ‘-Wno-misleading-indentation’'
Compilation failed:
    source file: '/work/srcFile/opencv-3.2.0/release/CMakeFiles/CMakeTmp/src.cxx'
    check option: ' -Wno-misleading-indentation'
===== BUILD LOG =====
Change Dir: /work/srcFile/opencv-3.2.0/release/CMakeFiles/CMakeTmp

Run Build Command:"/usr/bin/make" "cmTC_deaca/fast"
/usr/bin/make -f CMakeFiles/cmTC_deaca.dir/build.make CMakeFiles/cmTC_deaca.dir/build
make[1]: Entering directory '/work/srcFile/opencv-3.2.0/release/CMakeFiles/CMakeTmp'
Building CXX object CMakeFiles/cmTC_deaca.dir/src.cxx.o
/usr/bin/c++     -fsigned-char -W -Wall -Werror=return-type -Werror=non-virtual-dtor -Werror=address -Werror=sequence-point -Wformat -Werror=format-security   -Winit-self -Wpointer-arith  -Wsign-promo -Wno-narrowing -Wno-delete-non-virtual-dtor -Wno-comment -fdiagnostics-show-option -Wno-long-long -pthread -fomit-frame-pointer -msse -msse2 -mno-avx -msse3 -mno-ssse3 -mno-sse4.1 -mno-sse4.2 -ffunction-sections -fvisibility=hidden -fvisibility-inlines-hidden -Wno-shadow -Wno-unused -Wno-sign-compare -Wno-undef -Wno-missing-declarations -Wno-uninitialized -Wno-switch -Wno-parentheses -Wno-array-bounds -Wno-extra -Wno-deprecated-declarations  -O3 -DNDEBUG   -Wno-misleading-indentation -o CMakeFiles/cmTC_deaca.dir/src.cxx.o -c /work/srcFile/opencv-3.2.0/release/CMakeFiles/CMakeTmp/src.cxx
/work/srcFile/opencv-3.2.0/release/CMakeFiles/CMakeTmp/src.cxx:1:0: warning: ignoring #pragma   [-Wunknown-pragmas]
 #pragma
 ^
cc1plus: warning: unrecognized command line option ‘-Wno-misleading-indentation’
Linking CXX executable cmTC_deaca
/usr/bin/cmake -E cmake_link_script CMakeFiles/cmTC_deaca.dir/link.txt --verbose=1
/usr/bin/c++      -fsigned-char -W -Wall -Werror=return-type -Werror=non-virtual-dtor -Werror=address -Werror=sequence-point -Wformat -Werror=format-security   -Winit-self -Wpointer-arith  -Wsign-promo -Wno-narrowing -Wno-delete-non-virtual-dtor -Wno-comment -fdiagnostics-show-option -Wno-long-long -pthread -fomit-frame-pointer -msse -msse2 -mno-avx -msse3 -mno-ssse3 -mno-sse4.1 -mno-sse4.2 -ffunction-sections -fvisibility=hidden -fvisibility-inlines-hidden -Wno-shadow -Wno-unused -Wno-sign-compare -Wno-undef -Wno-missing-declarations -Wno-uninitialized -Wno-switch -Wno-parentheses -Wno-array-bounds -Wno-extra -Wno-deprecated-declarations  -O3 -DNDEBUG    CMakeFiles/cmTC_deaca.dir/src.cxx.o  -o cmTC_deaca -rdynamic 
make[1]: Leaving directory '/work/srcFile/opencv-3.2.0/release/CMakeFiles/CMakeTmp'

===== END =====

Determining if the include file linux/videodev.h exists failed with the following output:
Change Dir: /work/srcFile/opencv-3.2.0/release/CMakeFiles/CMakeTmp

Run Build Command:"/usr/bin/make" "cmTC_6176f/fast"
/usr/bin/make -f CMakeFiles/cmTC_6176f.dir/build.make CMakeFiles/cmTC_6176f.dir/build
make[1]: Entering directory '/work/srcFile/opencv-3.2.0/release/CMakeFiles/CMakeTmp'
Building C object CMakeFiles/cmTC_6176f.dir/CheckIncludeFile.c.o
/usr/bin/cc    -fsigned-char -W -Wall -Werror=return-type -Werror=non-virtual-dtor -Werror=address -Werror=sequence-point -Wformat -Werror=format-security -Wmissing-declarations -Wmissing-prototypes -Wstrict-prototypes -Wundef -Winit-self -Wpointer-arith -Wshadow -Wno-narrowing -Wno-comment -fdiagnostics-show-option -Wno-long-long -pthread -fomit-frame-pointer -msse -msse2 -mno-avx -msse3 -mno-ssse3 -mno-sse4.1 -mno-sse4.2 -ffunction-sections -fvisibility=hidden  -O3 -DNDEBUG   -o CMakeFiles/cmTC_6176f.dir/CheckIncludeFile.c.o   -c /work/srcFile/opencv-3.2.0/release/CMakeFiles/CMakeTmp/CheckIncludeFile.c
/work/srcFile/opencv-3.2.0/release/CMakeFiles/CMakeTmp/CheckIncludeFile.c:1:28: fatal error: linux/videodev.h: No such file or directory
compilation terminated.
CMakeFiles/cmTC_6176f.dir/build.make:65: recipe for target 'CMakeFiles/cmTC_6176f.dir/CheckIncludeFile.c.o' failed
make[1]: *** [CMakeFiles/cmTC_6176f.dir/CheckIncludeFile.c.o] Error 1
make[1]: Leaving directory '/work/srcFile/opencv-3.2.0/release/CMakeFiles/CMakeTmp'
Makefile:126: recipe for target 'cmTC_6176f/fast' failed
make: *** [cmTC_6176f/fast] Error 2


Determining if the include file sys/videoio.h exists failed with the following output:
Change Dir: /work/srcFile/opencv-3.2.0/release/CMakeFiles/CMakeTmp

Run Build Command:"/usr/bin/make" "cmTC_d72b0/fast"
/usr/bin/make -f CMakeFiles/cmTC_d72b0.dir/build.make CMakeFiles/cmTC_d72b0.dir/build
make[1]: Entering directory '/work/srcFile/opencv-3.2.0/release/CMakeFiles/CMakeTmp'
Building C object CMakeFiles/cmTC_d72b0.dir/CheckIncludeFile.c.o
/usr/bin/cc    -fsigned-char -W -Wall -Werror=return-type -Werror=non-virtual-dtor -Werror=address -Werror=sequence-point -Wformat -Werror=format-security -Wmissing-declarations -Wmissing-prototypes -Wstrict-prototypes -Wundef -Winit-self -Wpointer-arith -Wshadow -Wno-narrowing -Wno-comment -fdiagnostics-show-option -Wno-long-long -pthread -fomit-frame-pointer -msse -msse2 -mno-avx -msse3 -mno-ssse3 -mno-sse4.1 -mno-sse4.2 -ffunction-sections -fvisibility=hidden  -O3 -DNDEBUG   -o CMakeFiles/cmTC_d72b0.dir/CheckIncludeFile.c.o   -c /work/srcFile/opencv-3.2.0/release/CMakeFiles/CMakeTmp/CheckIncludeFile.c
/work/srcFile/opencv-3.2.0/release/CMakeFiles/CMakeTmp/CheckIncludeFile.c:1:25: fatal error: sys/videoio.h: No such file or directory
compilation terminated.
CMakeFiles/cmTC_d72b0.dir/build.make:65: recipe for target 'CMakeFiles/cmTC_d72b0.dir/CheckIncludeFile.c.o' failed
make[1]: *** [CMakeFiles/cmTC_d72b0.dir/CheckIncludeFile.c.o] Error 1
make[1]: Leaving directory '/work/srcFile/opencv-3.2.0/release/CMakeFiles/CMakeTmp'
Makefile:126: recipe for target 'cmTC_d72b0/fast' failed
make: *** [cmTC_d72b0/fast] Error 2


Build output check failed:
    Regex: 'unrecognized .*option'
    Output line: 'cc1plus: warning: unrecognized command line option ‘-Wno-unused-private-field’'
Compilation failed:
    source file: '/work/srcFile/opencv-3.2.0/release/CMakeFiles/CMakeTmp/src.cxx'
    check option: ' -Wno-unused-private-field'
===== BUILD LOG =====
Change Dir: /work/srcFile/opencv-3.2.0/release/CMakeFiles/CMakeTmp

Run Build Command:"/usr/bin/make" "cmTC_5ab33/fast"
/usr/bin/make -f CMakeFiles/cmTC_5ab33.dir/build.make CMakeFiles/cmTC_5ab33.dir/build
make[1]: Entering directory '/work/srcFile/opencv-3.2.0/release/CMakeFiles/CMakeTmp'
Building CXX object CMakeFiles/cmTC_5ab33.dir/src.cxx.o
/usr/bin/c++     -fsigned-char -W -Wall -Werror=return-type -Werror=non-virtual-dtor -Werror=address -Werror=sequence-point -Wformat -Werror=format-security -Wmissing-declarations -Wundef -Winit-self -Wpointer-arith -Wshadow -Wsign-promo -Wno-narrowing -Wno-delete-non-virtual-dtor -Wno-comment -fdiagnostics-show-option -Wno-long-long -pthread -fomit-frame-pointer -msse -msse2 -mno-avx -msse3 -mno-ssse3 -mno-sse4.1 -mno-sse4.2 -ffunction-sections -fvisibility=hidden -fvisibility-inlines-hidden -Wno-unused-function -Wno-overloaded-virtual  -O3 -DNDEBUG   -Wno-unused-private-field -o CMakeFiles/cmTC_5ab33.dir/src.cxx.o -c /work/srcFile/opencv-3.2.0/release/CMakeFiles/CMakeTmp/src.cxx
/work/srcFile/opencv-3.2.0/release/CMakeFiles/CMakeTmp/src.cxx:1:0: warning: ignoring #pragma   [-Wunknown-pragmas]
 #pragma
 ^
cc1plus: warning: unrecognized command line option ‘-Wno-unused-private-field’
Linking CXX executable cmTC_5ab33
/usr/bin/cmake -E cmake_link_script CMakeFiles/cmTC_5ab33.dir/link.txt --verbose=1
/usr/bin/c++      -fsigned-char -W -Wall -Werror=return-type -Werror=non-virtual-dtor -Werror=address -Werror=sequence-point -Wformat -Werror=format-security -Wmissing-declarations -Wundef -Winit-self -Wpointer-arith -Wshadow -Wsign-promo -Wno-narrowing -Wno-delete-non-virtual-dtor -Wno-comment -fdiagnostics-show-option -Wno-long-long -pthread -fomit-frame-pointer -msse -msse2 -mno-avx -msse3 -mno-ssse3 -mno-sse4.1 -mno-sse4.2 -ffunction-sections -fvisibility=hidden -fvisibility-inlines-hidden -Wno-unused-function -Wno-overloaded-virtual  -O3 -DNDEBUG    CMakeFiles/cmTC_5ab33.dir/src.cxx.o  -o cmTC_5ab33 -rdynamic 
make[1]: Leaving directory '/work/srcFile/opencv-3.2.0/release/CMakeFiles/CMakeTmp'

===== END =====

